docker : #0 building 
with "desktop-linux" 
instance using 
docker driver
Au caractère Ligne:1 
: 1
+ docker build 
--progress=plain -t 
test-front . > 
build.log 2>&1
+ ~~~~~~~~~~~~~~~~~~~
~~~~~~~~~~~~~~~~~~~~~
~~~~~~~~~~~~~~~~~~~~~
~
    + CategoryInfo   
           : NotSpe  
  cified: (#0 buil   
 ding wit...g doc    
ker driver:Strin    
g) [], RemoteExc    
eption
    + FullyQualified 
   ErrorId : Native  
  CommandError
 

#1 [internal] load 
build definition 
from Dockerfile
#1 transferring 
dockerfile: 446B done
#1 DONE 0.0s

#2 [auth] 
library/nginx:pull 
token for 
registry-1.docker.io
#2 DONE 0.0s

#3 [auth] 
library/node:pull 
token for 
registry-1.docker.io
#3 DONE 0.0s

#4 [internal] load 
metadata for docker.i
o/library/nginx:alpin
e
#4 ...

#5 [internal] load 
metadata for docker.i
o/library/node:20
#5 DONE 1.3s

#4 [internal] load 
metadata for docker.i
o/library/nginx:alpin
e
#4 DONE 1.4s

#6 [internal] load 
.dockerignore
#6 transferring 
context: 89B done
#6 DONE 0.0s

#7 [internal] load 
build context
#7 transferring 
context: 16.18kB 
0.0s done
#7 DONE 0.0s

#8 [build 1/6] FROM d
ocker.io/library/node
:20@sha256:94a5714e6b
243bf37a1767e63799630
2fadd9443327f5bdbf017
9758fe70cacd
#8 resolve docker.io/
library/node:20@sha25
6:94a5714e6b243bf37a1
767e637996302fadd9443
327f5bdbf0179758fe70c
acd 0.0s done
#8 DONE 0.0s

#9 [stage-1 1/3] 
FROM docker.io/librar
y/nginx:alpine@sha256
:1d13701a5f9f3fb01aaa
88cef2344d65b6b5bf6b7
d9fa4cf0dca557a8d7702
ba
#9 resolve docker.io/
library/nginx:alpine@
sha256:1d13701a5f9f3f
b01aaa88cef2344d65b6b
5bf6b7d9fa4cf0dca557a
8d7702ba 0.0s done
#9 DONE 0.0s

#10 [build 2/6] 
WORKDIR /app
#10 CACHED

#11 [build 3/6] COPY 
package.json 
package-lock.json ./
#11 CACHED

#12 [build 4/6] RUN 
npm install
#12 CACHED

#13 [build 5/6] COPY 
. .
#13 DONE 0.1s

#14 [build 6/6] RUN 
npm run build
#14 0.416 
#14 0.416 > alenia-in
tranet-front@0.0.0 
build
#14 0.416 > ng build
#14 0.416 
#14 1.118 ÔØ» 
Building...
#14 9.566 Ô£ö 
Building...
#14 9.569 Initial 
chunk files | Names  
                     
      |  Raw size | 
Estimated transfer 
size
#14 9.569 
chunk-Q2IHTHOC.js   
| -                  
               | 
195.24 kB |          
      55.98 kB
#14 9.569 
chunk-CYNQYTA7.js   
| -                  
               |  
90.22 kB |           
     22.74 kB
#14 9.569 
styles-LN6ENHXO.css 
| styles             
               |  
62.30 kB |           
      8.28 kB
#14 9.569 
main-5YKXMI7X.js    
| main               
               |  
22.63 kB |           
      5.58 kB
#14 9.569 
chunk-7JHGWASU.js   
| -                  
               |   
1.85 kB |            
   708 bytes
#14 9.569 
chunk-GVZDF43J.js   
| -                  
               |   
1.22 kB |            
   462 bytes
#14 9.569 
chunk-ZAQJCETW.js   
| -                  
               |  52 
bytes |              
  52 bytes
#14 9.569 
#14 9.569            
         | Initial 
total                
     | 373.51 kB |   
             93.81 kB
#14 9.569 
#14 9.569 Lazy chunk 
files    | Names     
                     
   |  Raw size | 
Estimated transfer 
size
#14 9.569 
chunk-FCTVCQS3.js   
| -                  
               |  
44.93 kB |           
      9.23 kB
#14 9.569 
chunk-J7OXKBN6.js   
| joiners-page-compon
ent            |  
22.17 kB |           
      5.17 kB
#14 9.569 
chunk-SPRQ5T7W.js   
| events-page-compone
nt             |  
21.16 kB |           
      5.13 kB
#14 9.569 
chunk-AAH46BJ6.js   
| main-layout-compone
nt             |  
20.42 kB |           
      4.69 kB
#14 9.569 
chunk-RZA65AOF.js   
| admin-support-porta
l-component    |  
18.41 kB |           
      4.88 kB
#14 9.569 
chunk-LP55J77Z.js   
| login-component    
               |  
15.97 kB |           
      3.81 kB
#14 9.569 
chunk-ELHPT4QH.js   
| leave-dashboard-com
ponent         |  
15.79 kB |           
      4.24 kB
#14 9.569 
chunk-52RAX5Z4.js   
| admin-ticket-detail
-component     |  
14.00 kB |           
      3.74 kB
#14 9.569 
chunk-JEWX6CNO.js   
| manager-leave-dashb
oard-component |  
10.58 kB |           
      3.00 kB
#14 9.569 
chunk-3LCT3IRC.js   
| joiner-management-c
omponent       |   
9.78 kB |            
     2.83 kB
#14 9.569 
chunk-PSDBTDP2.js   
| admin-tickets-list-
component      |   
9.56 kB |            
     2.76 kB
#14 9.569 
chunk-6QQU6P3Q.js   
| manager-dashboard  
               |   
8.81 kB |            
     2.45 kB
#14 9.569 
chunk-OQZMDWGQ.js   
| ticket-detail-compo
nent           |   
8.66 kB |            
     2.64 kB
#14 9.569 
chunk-SSTJHOI3.js   
| ticket-create-compo
nent           |   
7.96 kB |            
     2.29 kB
#14 9.569 
chunk-MSBV42JG.js   
| announcement-form  
               |   
7.75 kB |            
     2.21 kB
#14 9.569 ...and 15 
more lazy chunks 
files. Use 
"--verbose" to show 
all the files.
#14 9.569 
#14 9.569 
Application bundle 
generation complete. 
[8.448 seconds] - 202
6-02-16T09:57:56.116Z
#14 9.569 
#14 9.570 Ôû▓ 
[WARNING] src/app/pag
es/auth/login/login.c
omponent.css 
exceeded maximum 
budget. Budget 4.00 
kB was not met by 
3.42 kB with a total 
of 7.42 kB.
#14 9.570 
#14 9.570 
#14 9.593 Output 
location: /app/dist/A
leniaIntranetFront
#14 9.593 
#14 DONE 9.7s

#15 [stage-1 2/3] 
COPY --from=build /ap
p/dist/alenia-intrane
t-front/browser 
/usr/share/nginx/html
#15 ERROR: failed to 
calculate checksum 
of ref 7ak1ch9zd6aw12
kpwqvnzvz0w::lx1u34cw
rsamuwbvdclnm75bl: "/
app/dist/alenia-intra
net-front/browser": 
not found
------
 > [stage-1 2/3] 
COPY --from=build /ap
p/dist/alenia-intrane
t-front/browser /usr/
share/nginx/html:
------
Dockerfile:11
--------------------
   9 |     # Stage 
2: Serve the 
application with 
Nginx
  10 |     FROM 
nginx:alpine
  11 | >>> COPY 
--from=build /app/dis
t/alenia-intranet-fro
nt/browser 
/usr/share/nginx/html
  12 |     COPY 
nginx.conf /etc/nginx
/conf.d/default.conf
  13 |     EXPOSE 80
--------------------
ERROR: failed to 
build: failed to 
solve: failed to 
compute cache key: 
failed to calculate 
checksum of ref 7ak1c
h9zd6aw12kpwqvnzvz0w:
:lx1u34cwrsamuwbvdcln
m75bl: "/app/dist/ale
nia-intranet-front/br
owser": not found

View build details: d
ocker-desktop://dashb
oard/build/desktop-li
nux/desktop-linux/iqp
zoj54f3dcon26jq9hrp4u
x
